<?xml version="1.0" encoding="UTF-8"?>
<!-- Generated by org.testng.reporters.JUnitXMLReporter -->
<testsuite hostname="Yatheendra-PC" name="Default test" tests="3" failures="0" timestamp="13 Nov 2016 06:25:59 GMT" time="177.393" errors="0">
  <testcase name="webGmailLoginTest" time="41.507" classname="moolya.strikingly.mobileTest.MobileLoginTest"/>
  <testcase name="webFbLoginTest" time="42.463" classname="moolya.strikingly.mobileTest.MobileLoginTest"/>
  <testcase name="webLnLoginTest" time="25.699" classname="moolya.strikingly.mobileTest.MobileLoginTest"/>
</testsuite> <!-- Default test -->
