<?xml version="1.0" encoding="UTF-8"?>
<testng-results skipped="0" failed="0" total="2" passed="2">
  <reporter-output>
  </reporter-output>
  <suite name="Suite" duration-ms="21" started-at="2016-08-16T08:55:43Z" finished-at="2016-08-16T08:55:43Z">
    <groups>
    </groups>
    <test name="Test" duration-ms="21" started-at="2016-08-16T08:55:43Z" finished-at="2016-08-16T08:55:43Z">
      <class name="moolya.framework.testCases.module2.Test2">
        <test-method status="PASS" signature="setup()[pri:0, instance:moolya.framework.testCases.module2.Test2@180bc464]" name="setup" is-config="true" duration-ms="8" started-at="2016-08-16T14:25:43Z" finished-at="2016-08-16T14:25:43Z">
          <reporter-output>
          </reporter-output>
        </test-method> <!-- setup -->
        <test-method status="PASS" signature="test2()[pri:0, instance:moolya.framework.testCases.module2.Test2@180bc464]" name="test2" duration-ms="1" started-at="2016-08-16T14:25:43Z" finished-at="2016-08-16T14:25:43Z">
          <reporter-output>
          </reporter-output>
        </test-method> <!-- test2 -->
        <test-method status="PASS" signature="tearDown()[pri:0, instance:moolya.framework.testCases.module2.Test2@180bc464]" name="tearDown" is-config="true" duration-ms="0" started-at="2016-08-16T14:25:43Z" finished-at="2016-08-16T14:25:43Z">
          <reporter-output>
          </reporter-output>
        </test-method> <!-- tearDown -->
      </class> <!-- moolya.framework.testCases.module2.Test2 -->
      <class name="moolya.framework.testCases.module1.Test1">
        <test-method status="PASS" signature="setup()[pri:0, instance:moolya.framework.testCases.module1.Test1@6be46e8f]" name="setup" is-config="true" duration-ms="0" started-at="2016-08-16T14:25:43Z" finished-at="2016-08-16T14:25:43Z">
          <reporter-output>
          </reporter-output>
        </test-method> <!-- setup -->
        <test-method status="PASS" signature="tearDown()[pri:0, instance:moolya.framework.testCases.module1.Test1@6be46e8f]" name="tearDown" is-config="true" duration-ms="0" started-at="2016-08-16T14:25:43Z" finished-at="2016-08-16T14:25:43Z">
          <reporter-output>
          </reporter-output>
        </test-method> <!-- tearDown -->
        <test-method status="PASS" signature="test1()[pri:0, instance:moolya.framework.testCases.module1.Test1@6be46e8f]" name="test1" duration-ms="0" started-at="2016-08-16T14:25:43Z" finished-at="2016-08-16T14:25:43Z">
          <reporter-output>
          </reporter-output>
        </test-method> <!-- test1 -->
      </class> <!-- moolya.framework.testCases.module1.Test1 -->
    </test> <!-- Test -->
  </suite> <!-- Suite -->
</testng-results>
