<?xml version="1.0" encoding="UTF-8"?>
<testng-results skipped="0" failed="0" total="3" passed="3">
  <reporter-output>
  </reporter-output>
  <suite name="Default suite" duration-ms="68077" started-at="2016-07-04T10:31:38Z" finished-at="2016-07-04T10:32:46Z">
    <groups>
    </groups>
    <test name="Default test" duration-ms="68077" started-at="2016-07-04T10:31:38Z" finished-at="2016-07-04T10:32:46Z">
      <class name="testapp.Edelweiss">
        <test-method status="PASS" signature="setup()[pri:0, instance:testapp.Edelweiss@53b32d7]" name="setup" is-config="true" duration-ms="9" started-at="2016-07-04T16:01:38Z" finished-at="2016-07-04T16:01:38Z">
          <reporter-output>
          </reporter-output>
        </test-method> <!-- setup -->
        <test-method status="PASS" signature="buyTrade(java.lang.String)[pri:3, instance:testapp.Edelweiss@53b32d7]" name="buyTrade" duration-ms="8924" started-at="2016-07-04T16:01:38Z" data-provider="getDevices" finished-at="2016-07-04T16:01:47Z">
          <params>
            <param index="0">
              <value>
                <![CDATA[ZY222ZV2L6]]>
              </value>
            </param>
          </params>
          <reporter-output>
          </reporter-output>
        </test-method> <!-- buyTrade -->
        <test-method status="PASS" signature="displayDeviceName()[pri:0, instance:testapp.Edelweiss@53b32d7]" name="displayDeviceName" is-config="true" duration-ms="32" started-at="2016-07-04T16:01:47Z" finished-at="2016-07-04T16:01:47Z">
          <reporter-output>
          </reporter-output>
        </test-method> <!-- displayDeviceName -->
        <test-method status="PASS" signature="buyTrade(java.lang.String)[pri:3, instance:testapp.Edelweiss@53b32d7]" name="buyTrade" duration-ms="19601" started-at="2016-07-04T16:01:47Z" data-provider="getDevices" finished-at="2016-07-04T16:02:06Z">
          <params>
            <param index="0">
              <value>
                <![CDATA[IX1AS415HA171547]]>
              </value>
            </param>
          </params>
          <reporter-output>
          </reporter-output>
        </test-method> <!-- buyTrade -->
        <test-method status="PASS" signature="displayDeviceName()[pri:0, instance:testapp.Edelweiss@53b32d7]" name="displayDeviceName" is-config="true" duration-ms="60" started-at="2016-07-04T16:02:06Z" finished-at="2016-07-04T16:02:06Z">
          <reporter-output>
          </reporter-output>
        </test-method> <!-- displayDeviceName -->
        <test-method status="PASS" signature="buyTrade(java.lang.String)[pri:3, instance:testapp.Edelweiss@53b32d7]" name="buyTrade" duration-ms="39357" started-at="2016-07-04T16:02:06Z" data-provider="getDevices" finished-at="2016-07-04T16:02:46Z">
          <params>
            <param index="0">
              <value>
                <![CDATA[YT911322J9]]>
              </value>
            </param>
          </params>
          <reporter-output>
          </reporter-output>
        </test-method> <!-- buyTrade -->
        <test-method status="PASS" signature="displayDeviceName()[pri:0, instance:testapp.Edelweiss@53b32d7]" name="displayDeviceName" is-config="true" duration-ms="36" started-at="2016-07-04T16:02:46Z" finished-at="2016-07-04T16:02:46Z">
          <reporter-output>
          </reporter-output>
        </test-method> <!-- displayDeviceName -->
        <test-method status="PASS" signature="tearDown()[pri:0, instance:testapp.Edelweiss@53b32d7]" name="tearDown" is-config="true" duration-ms="0" started-at="2016-07-04T16:02:46Z" finished-at="2016-07-04T16:02:46Z">
          <reporter-output>
          </reporter-output>
        </test-method> <!-- tearDown -->
      </class> <!-- testapp.Edelweiss -->
    </test> <!-- Default test -->
  </suite> <!-- Default suite -->
</testng-results>
